v2.1.0:
新增:
1.新增底部信息标签-网络延迟: {延迟}
2.新增死亡保存玩家经验开关
3.新增PHP7.2版本(然而并不代表支持PM1.2

修复:
1.修复玩家在传送世界时报错的问题
2.修复战队队长无法插件宣传木牌的问题
3.修复移除特权玩家失败且报错的问题
4.修复了特权修改身体尺寸功能开关无效问题?
--------------------------------------------------
v2.0.3:
注意:
MultiSystemGo!_v2.0 '仅确认'支持 TuranicTeam 的 Turanic 核心 与 NebzzTeam 的 Turanic 核心 (MCPE_v1.2)

新增:
1.新增/头衔 我的头衔 指令
2.新增/头衔 佩戴  指令

调整:
1.移除 头衔编辑 特权配置选项
2.指令 /头衔 修改 变成 /头衔 给予
3.移除 /头衔 编辑 指令

修复:
1.修复长按####木牌也会触发操作的问题
2.修复销毁####木牌异常问题
--------------------------------------------------
v2.0.2:
注意:
MultiSystemGo!_v2.0 '仅确认'支持 TuranicTeam 的 Turanic 核心 与 NebzzTeam 的 Turanic 核心 (MCPE_v1.2)

新增:
1.新增 /特权 倒立 指令

修复:
1.修复取回背包会报错的问题
2.修复骑人会报错的问题(NebzzTeam_Turanic版本)
--------------------------------------------------
v2.0.1:
注意:
MultiSystemGo!_v2.0 '仅确认'支持 TuranicTeam 的 Turanic 核心 与 NebzzTeam 的 Turanic 核心 (MCPE_v1.2)

修复:
1.修复输入/特权 伪装方块后点击方块不会伪装方块的问题
2.修复/特权 尺寸 的尺寸数值不能小于1的问题

优化:
1.优化判断创造方块的效率
--------------------------------------------------
v2.0.0:
注意:
MultiSystemGo!_v2.0 '仅确认'支持 TuranicTeam 的 Turanic 核心 与 NebzzTeam 的 Turanic 核心 (MCPE_v1.2)

新增:
1.新增4款披风
2.新增/特权 生成 指令
3.新增/特权 乘骑 指令
4.新增/智保 查看信息 指令
5.新增特权玩家切换模式界限选项
6.特权玩家可以伪装实体
7.新增列表美化开关
8.插件效率提升
9.新增一些不为人知的bug

调整:
1.开启火焰保护后将不会免疫岩浆烧伤
2.将列表美化选项更名为列表格式选项
3.更换队名/解散战队会有全员提示
4.管理员可以在创造模式下丢东西和开箱子
5.更改CDK生成方式
6.重新编写插件源码
7.购买头衔但未定义头衔时，不能再次购买头衔
8.配置文件中的伪装生物改为伪装实体
9.特权伪装生物指令改为/特权 伪装实体 
10.降低点地弹跳的弹跳速率
11.给在线玩家给予特权玩家身份时会召唤特权闪电
12.点击按钮骑人改为输入指令骑人
13.点击玩家查看信息改为输入指令查看信息

修复:
1.修复伪装玩家后聊天显示与头部名称可能出错的问题
2.修复"移除特权"接口的bug
3.修复"离婚"接口的bug
4.修复玩家头衔商店木牌的"头衔价格"无法正确显示问题
5.修复创造方块开关无效问题
6.修复开启"队友攻击队友"选项后不能攻击队友的问题
7.修复在伪装状态下传送世界报错的问题
8.修复头部美化开关无效问题
9.修复在伪装方块状态下退出游戏，伪装方块会滞留的问题
10.修复在伪装方块状态下被踢出游戏，伪装方块会滞留的问题
11.修复所有在线特权玩家的变幻披风同时一样的问题
12.修复部分指令在控制台执行报错的问题
13.修复战队联盟后其中一方的战队丢失旧管理员的问题
14.修复执行/战队 推辞 或 /战队 接受 指令可能无反应的问题
15.修复执行/战队 推辞 或 /战队 接受 指令可能报错的问题
16.修复刚刚添加的特权玩家无披风问题
17.修复刚刚移除的特权玩家的披风遗留问题
18.修复重生之后血量槽未满的问题
19.修复特权玩家可能无法更换模式的问题
20.修复伪装末影龙的身体方向相反的问题
21.修复伪装方块指令输入错误ID特殊值会报错的问题

优化:
1.优化设置玩家血条问题
2.烟花烟花释放流畅度!?
--------------------------------------------------
v1.9.3:
 调整:
  1.更正了世界配置选项的消息提示
  2.重写特权伪装方块跟随算法

 修复:
  1.修复特权伪装方块刷方块问题(已确认)
   若在被世界保护插件保护的世界中仍然出现刷方块问题, 请务必使用百度网盘提供的世界保护插件(该问题属于插件冲突问题)
--------------------------------------------------
v1.9.2:
 调整:
  1.将原禁用指令世界调整为允许对每个世界添加不同的禁用指令/世界人数/世界模式/飞行模式等(使用方法请查阅插件介绍)
  2.删除了一配置文件

 优化:
  1.降低伪装方块时所占用的资源量

 新增:
  1.新增结婚/离婚功能接口
  2.新增防刷屏功能(智能保护系统)

 修复:
  1.修复了伪装方块可能出现铺路的情况(待确认)
  2.修复已入队的玩家可以重复申请入队的bug
  3.修复战队宣传木牌在特殊情况下可能引发的bug
  4.修复了玩家在退出服务器时出现报错的问题
  5.修复了一些零零碎碎的小问题
--------------------------------------------------
v1.9.1:
 调整:
  1.更新个人箱子配置文件数据
  2.个人箱子可进行分享

 新增:
  1.新增添加箱子信任玩家指令
  2.新增移除箱子信任玩家指令
  3.新增查看箱子信任列表指令
  4.新增查看战队队员最后活跃时间指令
  5.新增设置婚姻之家指令
  6.新增传送婚姻之家指令
  7.新增牺牲血量治疗配偶指令
  8.新增查看配偶最后活跃时间指令
  9.新增添加特权玩家接口
  10.新增移除特权玩家接口
  11.新增获取战队管理员列表接口

 优化:
  1.优化了玩家结婚系统的结构

 修复:
  1.修复了两个bug
--------------------------------------------------
v1.9.0:
 调整:
  1.增强了插件的不稳定性
  2.调整了游戏菜单显示的玩家名称(可自定义)

 新增:
  1.允许底部信息在特定世界隐藏
  2.新增手持特定物品点击玩家显示玩家信息
  3.新增限制玩家发言字数功能(智能保护系统)
  4.新增玩家发言敏感词屏蔽功能(智能保护系统)
  5.新增禁止玩家发言功能(智能保护系统)
  6.新增战队宣传木牌(双击木牌申请入队)
  7.新增战队联盟指令
  8.新增战队集合指令
  9.新增战队捐赠指令
  10.新增战队升级指令
  11.新增战队转让指令
  12.新增添加/移除战队管理指令
  13.新增战队成员之间是否允许PvP的开关
  14.新增战队排行榜木牌
  15.新增变量标签: {生命}, {护甲}
  16.新增一些未知的漏洞

 优化:
  1.优化玩家战队系统结构
  2.降低玩家战队系统在储存/更新数据时的资源利用量
--------------------------------------------------
v1.8.0:
 调整:
  1.移除多倍掉落燧石
  2.插件更名为MultiSystemGo!
  3.将执行垃圾回收指令调整为由控制台执行

 新增:
  1.新增玩家战队系统(后续版本继续完善更多功能)
  2.更新开发者接口(API)

 修复:
  1.修复结婚之后头部/聊天信息没更新的问题
  2.修复在伪装方块下退出服务器产生报错的问题

 注意:
  当你更新v1.8.0版本时, 由于插件已更名为MultiSystemGo!多系统插件, 因此你需要将PrivilegePlayerGo!文件夹(就是装配置文件那个)重命名为MultiSystemGo!(注意别把感叹号!漏了)即可正常使用!
--------------------------------------------------
v1.8.0:
 调整:
  1.移除多倍掉落掉落燧石
  2.插件更名为MultiSystemGo!
  3.将执行垃圾回收指令调整为由控制台执行

 新增:
  1.新增玩家战队系统(后续版本继续完善更多功能)
  2.更新开发者接口(API)

 修复:
  1.修复结婚之后头部/聊天信息没更新的问题
  2.修复在伪装方块下退出服务器产生报错的问题
--------------------------------------------------
v1.7.1:
 调整:
  1.移除普通玩家进入服务器自动修改模式/关闭飞行等操作, 防止冲突

 新增:
  1.新增玩家头衔系统
  2.新增获取玩家头衔接口(API)

 修复:
  1.修复创造方块会被时运附魔工具(或者有几率)挖出掉落物品的问题
  2.修复禁止放置方块有几率放置出来的问题
  3.修复两个小问题
  
 优化:
  1.优化了nestedTag()函数, 防止特殊情况下出现报错
  2.减少getBlock(), getItem()的调用次数
--------------------------------------------------
v1.7.0:
 调整:
  1.提高红石/青金石的掉落数量

 新增:
  1.新增玩家结婚系统
  2.更新开发者接口(还没写)

 修复:
  1.修复伪装生物转向问题
  2.修复后台指令限制无效问题
  3.修复骑人后无法飞行问题

 优化:
  1.压缩简化代码
  2.大幅提高创造方块无掉落的效率
  3.减少使用getBlock()的次数

......